\BOOKMARK [1][-]{section*.1}{9.34.}{}% 1
\BOOKMARK [1][-]{section*.4}{10.40.}{}% 2
\BOOKMARK [1][-]{section*.5}{10.45.}{}% 3
\BOOKMARK [2][-]{section*.6}{1. n. . .. d. ... .. .... .....}{section*.5}% 4
\BOOKMARK [2][-]{section*.7}{2. . ..... .. ......}{section*.5}% 5
\BOOKMARK [3][-]{section*.8}{Case 1. |H | = 1}{section*.7}% 6
\BOOKMARK [3][-]{section*.9}{Case 2. |H | > 1}{section*.7}% 7
\BOOKMARK [1][-]{section*.12}{10.46.}{}% 8
\BOOKMARK [1][-]{section*.13}{11.6.}{}% 9
\BOOKMARK [1][-]{section*.14}{11.11.}{}% 10
\BOOKMARK [1][-]{section*.15}{11.50.}{}% 11
\BOOKMARK [2][-]{section*.16}{a.}{section*.15}% 12
\BOOKMARK [3][-]{section*.17}{b.}{section*.16}% 13
\BOOKMARK [3][-]{section*.18}{c.}{section*.16}% 14
\BOOKMARK [1][-]{section*.19}{11.52.}{}% 15
\BOOKMARK [1][-]{section*.30}{13.44.}{}% 16
\BOOKMARK [1][-]{section*.37}{13.45.}{}% 17
\BOOKMARK [1][-]{section*.38}{13.47.}{}% 18
\BOOKMARK [1][-]{section*.41}{14.8.}{}% 19
\BOOKMARK [1][-]{section*.42}{14.34.}{}% 20
\BOOKMARK [1][-]{section*.45}{15.12.}{}% 21
\BOOKMARK [1][-]{section*.48}{15.14.}{}% 22
