\BOOKMARK [1][-]{section*.1}{2.4.2.}{}% 1
\BOOKMARK [2][-]{section*.2}{... ... Well Defined}{section*.1}% 2
\BOOKMARK [2][-]{section*.9}{[] = []. ..}{section*.1}% 3
\BOOKMARK [2][-]{section*.10}{\([] < []\) \([] < []\). ..}{section*.1}% 4
\BOOKMARK [2][-]{section*.11}{[] < [], [] < []. ..}{section*.1}% 5
\BOOKMARK [1][-]{section*.16}{2.4.3.}{}% 6
\BOOKMARK [2][-]{section*.23}{Case 1. \([] > [] \)\( [] = []\)}{section*.16}% 7
\BOOKMARK [2][-]{section*.24}{Case 2. \([] < [] \)\( [] = []\)}{section*.16}% 8
\BOOKMARK [2][-]{section*.25}{Case 3. \([] > [] \)\( [] < []\)}{section*.16}% 9
\BOOKMARK [1][-]{section*.26}{2.4.4.}{}% 10
\BOOKMARK [2][-]{section*.27}{Well Defined}{section*.26}% 11
\BOOKMARK [2][-]{section*.32}{Associative Law}{section*.26}% 12
\BOOKMARK [2][-]{section*.33}{Commutative Law}{section*.26}% 13
\BOOKMARK [2][-]{section*.34}{Additive Identity \(0*\)}{section*.26}% 14
\BOOKMARK [2][-]{section*.35}{- is Cauchy sequence}{section*.26}% 15
\BOOKMARK [2][-]{section*.36}{Additive Inverse \(-\)}{section*.26}% 16
\BOOKMARK [1][-]{section*.37}{2.5.2.}{}% 17
\BOOKMARK [1][-]{section*.38}{2.5.3.}{}% 18
\BOOKMARK [2][-]{section*.39}{1. \(x PF \040and \040y PF\). ..}{section*.38}% 19
\BOOKMARK [3][-]{section*.40}{a. Bxy Bx By}{section*.39}% 20
\BOOKMARK [3][-]{section*.41}{b. Bxy Bx By}{section*.39}% 21
\BOOKMARK [2][-]{section*.42}{2. \(x PF \040and \040y PF\). .. ..}{section*.38}% 22
\BOOKMARK [3][-]{section*.43}{a. f\(0F\) = 0G...}{section*.42}% 23
\BOOKMARK [3][-]{section*.44}{b. x PQ, f\(-x\) = -f\(x\)...}{section*.42}% 24
\BOOKMARK [3][-]{section*.49}{c. ..}{section*.42}% 25
\BOOKMARK [1][-]{section*.50}{3.1.1.}{}% 26
\BOOKMARK [2][-]{section*.51}{1. .... X. ..... ..... ...}{section*.50}% 27
\BOOKMARK [2][-]{section*.52}{2. ..... ...... . ... ..... .. ....}{section*.50}% 28
\BOOKMARK [1][-]{section*.53}{3.1.2.}{}% 29
\BOOKMARK [2][-]{section*.54}{1. A C\(X\), B A -3muB C\(X\)...}{section*.53}% 30
\BOOKMARK [2][-]{section*.55}{2. K C\(C\(X\)\) -3muK C\(X\)...}{section*.53}% 31
\BOOKMARK [1][-]{section*.56}{3.1.3.}{}% 32
\BOOKMARK [2][-]{section*.57}{1. \(A, G\) \(A, G\)}{section*.56}% 33
\BOOKMARK [2][-]{section*.58}{2. \(\(A, G\) \(B, H\)\) \(\(B, H\) \(A, G\)\) \(A, G\) = \(B, H\)}{section*.56}% 34
\BOOKMARK [2][-]{section*.59}{3. \(\(A, G\) \(B, H\)\) \(\(B, H\) \(C, I\)\) \(A, G\) \(C, I\)}{section*.56}% 35
