\BOOKMARK [1][-]{section*.1}{2.1.2.}{}% 1
\BOOKMARK [2][-]{section*.2}{\(.\)}{section*.1}% 2
\BOOKMARK [2][-]{section*.3}{\(.\)}{section*.1}% 3
\BOOKMARK [2][-]{section*.8}{\(.\)}{section*.1}% 4
\BOOKMARK [1][-]{section*.9}{2.1.6.}{}% 5
\BOOKMARK [1][-]{section*.10}{2.1.7.}{}% 6
\BOOKMARK [2][-]{section*.13}{\(.\)}{section*.10}% 7
\BOOKMARK [2][-]{section*.16}{\(.\)}{section*.10}% 8
\BOOKMARK [1][-]{section*.23}{2.2.4.}{}% 9
\BOOKMARK [2][-]{section*.24}{Well-defined}{section*.23}% 10
\BOOKMARK [2][-]{section*.25}{....}{section*.23}% 11
\BOOKMARK [2][-]{section*.26}{....}{section*.23}% 12
\BOOKMARK [1][-]{section*.27}{2.2.6.}{}% 13
\BOOKMARK [1][-]{section*.28}{2.2.8.}{}% 14
\BOOKMARK [1][-]{section*.29}{2.2.15.}{}% 15
\BOOKMARK [1][-]{section*.32}{2.3.1.}{}% 16
\BOOKMARK [1][-]{section*.43}{2.3.3.}{}% 17
\BOOKMARK [1][-]{section*.44}{2.3.6.}{}% 18
\BOOKMARK [2][-]{section*.45}{1* = 1* = \040.. ....}{section*.44}% 19
\BOOKMARK [3][-]{section*.48}{Case 1. = 0*}{section*.45}% 20
\BOOKMARK [3][-]{section*.49}{Case 2. PR}{section*.45}% 21
\BOOKMARK [3][-]{section*.50}{Case 3. -PR}{section*.45}% 22
\BOOKMARK [2][-]{section*.53}{0* < 1*.. ....}{section*.44}% 23
\BOOKMARK [1][-]{section*.58}{2.3.7.}{}% 24
\BOOKMARK [2][-]{section*.59}{. .....}{section*.58}% 25
\BOOKMARK [3][-]{section*.60}{\(.1\)}{section*.59}% 26
\BOOKMARK [3][-]{section*.65}{\(.2\)}{section*.59}% 27
\BOOKMARK [3][-]{section*.66}{\(.3\)}{section*.59}% 28
\BOOKMARK [2][-]{section*.73}{= 1*...}{section*.58}% 29
\BOOKMARK [3][-]{section*.74}{1. 1*...}{section*.73}% 30
\BOOKMARK [3][-]{section*.75}{2. 1*...}{section*.73}% 31
