\BOOKMARK [1][-]{section*.1}{3.3.2.}{}% 1
\BOOKMARK [1][-]{section*.4}{3.3.6.}{}% 2
\BOOKMARK [2][-]{section*.5}{1. . ...}{section*.4}% 3
\BOOKMARK [2][-]{section*.6}{2. \(\) \(\) -3mu= . ...}{section*.4}% 4
\BOOKMARK [2][-]{section*.7}{3. \(\) \(\) -3mu. ...}{section*.4}% 5
\BOOKMARK [1][-]{section*.8}{3.4.1.}{}% 6
\BOOKMARK [2][-]{section*.9}{1. \(g f\)\(\(m, n\)\) = \(m, n\)}{section*.8}% 7
\BOOKMARK [2][-]{section*.10}{2. \(f g\)\(y\) = y}{section*.8}% 8
\BOOKMARK [1][-]{section*.11}{3.5.3.}{}% 9
\BOOKMARK [1][-]{section*.12}{3.5.4.}{}% 10
\BOOKMARK [2][-]{section*.13}{1. a+b c+d}{section*.12}% 11
\BOOKMARK [2][-]{section*.14}{2. ab cd}{section*.12}% 12
\BOOKMARK [2][-]{section*.15}{3. ab cd}{section*.12}% 13
\BOOKMARK [1][-]{section*.22}{3.5.6.}{}% 14
\BOOKMARK [2][-]{section*.23}{1. .... f : 2N R ..}{section*.22}% 15
\BOOKMARK [2][-]{section*.28}{2. .... g : R 2N ..}{section*.22}% 16
\BOOKMARK [1][-]{section*.29}{3.5.7.}{}% 17
\BOOKMARK [2][-]{section*.30}{\(.\) 0}{section*.29}% 18
\BOOKMARK [2][-]{section*.31}{\(.\) 20}{section*.29}% 19
\BOOKMARK [2][-]{section*.32}{\(.\) 20}{section*.29}% 20
\BOOKMARK [2][-]{section*.39}{\(.\) 20}{section*.29}% 21
\BOOKMARK [2][-]{section*.42}{\(.\) 20}{section*.29}% 22
\BOOKMARK [1][-]{section*.43}{3.5.8.}{}% 23
\BOOKMARK [2][-]{section*.44}{\(.\), \(.\), \(.\) c}{section*.43}% 24
\BOOKMARK [3][-]{section*.45}{1. card\(R\) card\(K\)}{section*.44}% 25
\BOOKMARK [3][-]{section*.46}{2. card\(K\) card\(A\)}{section*.44}% 26
\BOOKMARK [2][-]{section*.47}{\(.\) c}{section*.43}% 27
\BOOKMARK [3][-]{section*.48}{1. c = card\(R\) = card\(RQ\)}{section*.47}% 28
\BOOKMARK [3][-]{section*.49}{2. card\(R\) card\(A\)}{section*.47}% 29
\BOOKMARK [3][-]{section*.50}{3. card\(A\) card\(RQ\)}{section*.47}% 30
\BOOKMARK [2][-]{section*.51}{\(.\) 2c}{section*.43}% 31
\BOOKMARK [1][-]{section*.52}{3.6.1.}{}% 32
\BOOKMARK [2][-]{section*.53}{\(.\)}{section*.52}% 33
\BOOKMARK [3][-]{section*.54}{1. +. .....}{section*.53}% 34
\BOOKMARK [3][-]{section*.55}{2. + = + 1...}{section*.53}% 35
\BOOKMARK [2][-]{section*.56}{\(.\)}{section*.52}% 36
\BOOKMARK [1][-]{section*.57}{3.6.5.}{}% 37
\BOOKMARK [1][-]{section*.58}{3.6.6.}{}% 38
\BOOKMARK [1][-]{section*.59}{3.6.7.}{}% 39
\BOOKMARK [2][-]{section*.60}{1. -3mu}{section*.59}% 40
\BOOKMARK [2][-]{section*.61}{2. -3mu. .... ....}{section*.59}% 41
\BOOKMARK [1][-]{section*.62}{3.6.8.}{}% 42
