\BOOKMARK [1][-]{section*.1}{18.40.}{}% 1
\BOOKMARK [2][-]{section*.2}{a=-3. ..}{section*.1}% 2
\BOOKMARK [2][-]{section*.3}{a=3. ..}{section*.1}% 3
\BOOKMARK [1][-]{section*.4}{18.52.}{}% 4
\BOOKMARK [1][-]{section*.5}{18.55.}{}% 5
\BOOKMARK [1][-]{section*.6}{19.23.}{}% 6
\BOOKMARK [1][-]{section*.7}{19.29.}{}% 7
\BOOKMARK [1][-]{section*.8}{20.6.}{}% 8
\BOOKMARK [1][-]{section*.9}{20.14.}{}% 9
\BOOKMARK [1][-]{section*.10}{20.27.}{}% 10
\BOOKMARK [1][-]{section*.11}{20.28.}{}% 11
\BOOKMARK [2][-]{section*.12}{p=2. ..}{section*.11}% 12
\BOOKMARK [2][-]{section*.13}{p=2. ..}{section*.11}% 13
\BOOKMARK [1][-]{section*.16}{20.29.}{}% 14
\BOOKMARK [2][-]{section*.17}{Lemma. 1}{section*.16}% 15
\BOOKMARK [1][-]{section*.18}{22.11.}{}% 16
\BOOKMARK [1][-]{section*.19}{22.17.}{}% 17
\BOOKMARK [1][-]{section*.20}{22.22.}{}% 18
\BOOKMARK [1][-]{section*.21}{22.25.}{}% 19
\BOOKMARK [2][-]{section*.22}{a.}{section*.21}% 20
\BOOKMARK [2][-]{section*.23}{b.}{section*.21}% 21
\BOOKMARK [2][-]{section*.24}{c.}{section*.21}% 22
\BOOKMARK [1][-]{section*.25}{23.7.}{}% 23
\BOOKMARK [1][-]{section*.26}{23.9.}{}% 24
\BOOKMARK [1][-]{section*.27}{23.17.}{}% 25
\BOOKMARK [1][-]{section*.28}{23.28.}{}% 26
\BOOKMARK [1][-]{section*.29}{23.34.}{}% 27
\BOOKMARK [1][-]{section*.30}{23.35.}{}% 28
\BOOKMARK [1][-]{section*.31}{26.2.}{}% 29
\BOOKMARK [1][-]{section*.32}{26.18.}{}% 30
\BOOKMARK [2][-]{section*.33}{\1730\175 = N. ..}{section*.32}% 31
\BOOKMARK [2][-]{section*.34}{\1730\175 =N. ..}{section*.32}% 32
\BOOKMARK [1][-]{section*.35}{26.20.}{}% 33
\BOOKMARK [2][-]{section*.36}{p\(a+b\) = p\(a\) + p\(b\). ....}{section*.35}% 34
\BOOKMARK [2][-]{section*.41}{p\(ab\) = p\(a\) p\(b\). ....}{section*.35}% 35
\BOOKMARK [1][-]{section*.44}{26.37.}{}% 36
\BOOKMARK [2][-]{section*.45}{\(a+bi+c+di\) = \(a+bi\) + \(c+di\). ....}{section*.44}% 37
\BOOKMARK [2][-]{section*.46}{\(\(a+bi\)\(c+di\)\) = \(a+bi\) \(c+di\). ....}{section*.44}% 38
\BOOKMARK [2][-]{section*.47}{Ker\(\) = \1730\175.. ....}{section*.44}% 39
\BOOKMARK [1][-]{section*.48}{27.2.}{}% 40
\BOOKMARK [1][-]{section*.49}{27.6.}{}% 41
\BOOKMARK [1][-]{section*.50}{27.26.}{}% 42
\BOOKMARK [1][-]{section*.51}{27.30.}{}% 43
\BOOKMARK [2][-]{section*.52}{f\(x\). F.. .....}{section*.51}% 44
\BOOKMARK [1][-]{section*.53}{27.38.}{}% 45
\BOOKMARK [2][-]{section*.54}{Case 1. A. 1. ..}{section*.53}% 46
\BOOKMARK [2][-]{section*.55}{Case 2. A. 1. ..}{section*.53}% 47
\BOOKMARK [3][-]{section*.56}{Case 2-1. 1. ... ... .... ..}{section*.55}% 48
\BOOKMARK [3][-]{section*.57}{Case 2-2. 1. .... ... ..}{section*.55}% 49
\BOOKMARK [2][-]{section*.58}{Case 3. A. 1. ..}{section*.53}% 50
\BOOKMARK [2][-]{section*.59}{Case 4. A. 1. ..}{section*.53}% 51
