\BOOKMARK [1][-]{section*.1}{Homework 1}{}% 1
\BOOKMARK [2][-]{section*.2}{1.1.8.}{section*.1}% 2
\BOOKMARK [2][-]{section*.3}{1.1.12.}{section*.1}% 3
\BOOKMARK [3][-]{section*.4}{1. \(i I Ai \) \(j J Bj \) \(i, j\) I J \(Ai Bj\)}{section*.3}% 4
\BOOKMARK [3][-]{section*.5}{2. \(i I Ai \) \(j J Bj \) \(i, j\) I J \(Ai Bj\)}{section*.3}% 5
\BOOKMARK [3][-]{section*.6}{1. \(i I Ai \) \(j J Bj \) \(i, j\) I J \(Ai Bj\)}{section*.3}% 6
\BOOKMARK [3][-]{section*.7}{2. \(i I Ai \) \(j J Bj \) \(i, j\) I J \(Ai Bj\)}{section*.3}% 7
\BOOKMARK [2][-]{section*.8}{1.2.4.}{section*.1}% 8
\BOOKMARK [3][-]{section*.9}{\(.\)}{section*.8}% 9
\BOOKMARK [3][-]{section*.10}{\(.\)}{section*.8}% 10
\BOOKMARK [3][-]{section*.11}{\(.\)}{section*.8}% 11
\BOOKMARK [2][-]{section*.12}{1.2.11.}{section*.1}% 12
\BOOKMARK [2][-]{section*.13}{1.2.12.}{section*.1}% 13
\BOOKMARK [3][-]{section*.14}{1\)}{section*.13}% 14
\BOOKMARK [3][-]{section*.15}{2\)}{section*.13}% 15
\BOOKMARK [2][-]{section*.16}{1.2.15.}{section*.1}% 16
\BOOKMARK [2][-]{section*.17}{1.3.1.}{section*.1}% 17
\BOOKMARK [3][-]{section*.18}{\(1\) \040\(2\) \040\(3\)}{section*.17}% 18
\BOOKMARK [3][-]{section*.19}{\(1\) \040\(2\) \040\(3\)}{section*.17}% 19
\BOOKMARK [3][-]{section*.20}{\(1\) \040\(2\) \040\(3\)}{section*.17}% 20
\BOOKMARK [2][-]{section*.21}{1.3.2.}{section*.1}% 21
\BOOKMARK [2][-]{section*.22}{1.3.7.}{section*.1}% 22
\BOOKMARK [3][-]{section*.23}{1\)}{section*.22}% 23
\BOOKMARK [3][-]{section*.24}{2\)}{section*.22}% 24
\BOOKMARK [3][-]{section*.25}{3\)}{section*.22}% 25
\BOOKMARK [2][-]{section*.26}{1.3.12.}{section*.1}% 26
\BOOKMARK [3][-]{section*.27}{1\)}{section*.26}% 27
\BOOKMARK [3][-]{section*.28}{2\)}{section*.26}% 28
\BOOKMARK [2][-]{section*.29}{1.4.1.}{section*.1}% 29
\BOOKMARK [3][-]{section*.30}{\(1\) \040\(2\) \040\(3\)}{section*.29}% 30
\BOOKMARK [3][-]{section*.31}{\(1\) \040\(2\) \040\(3\)}{section*.29}% 31
\BOOKMARK [3][-]{section*.32}{\(1\) \040\(2\) \040\(3\)}{section*.29}% 32
\BOOKMARK [2][-]{section*.33}{1.4.5.}{section*.1}% 33
\BOOKMARK [2][-]{section*.34}{1.4.7.}{section*.1}% 34
\BOOKMARK [2][-]{section*.35}{1.4.9.}{section*.1}% 35
