\BOOKMARK [1][-]{section*.1}{Homework 1}{}% 1
\BOOKMARK [2][-]{section*.2}{3.26.}{section*.1}% 2
\BOOKMARK [2][-]{section*.3}{3.27.}{section*.1}% 3
\BOOKMARK [2][-]{section*.4}{3.33.}{section*.1}% 4
\BOOKMARK [3][-]{section*.5}{a.}{section*.4}% 5
\BOOKMARK [3][-]{section*.6}{b.}{section*.4}% 6
\BOOKMARK [2][-]{section*.7}{4.29.}{section*.1}% 7
\BOOKMARK [2][-]{section*.8}{4.30.}{section*.1}% 8
\BOOKMARK [3][-]{section*.9}{a.}{section*.8}% 9
\BOOKMARK [3][-]{section*.10}{b.}{section*.8}% 10
\BOOKMARK [3][-]{section*.11}{c.}{section*.8}% 11
\BOOKMARK [3][-]{section*.12}{d.}{section*.8}% 12
\BOOKMARK [2][-]{section*.13}{4.31.}{section*.1}% 13
\BOOKMARK [2][-]{section*.14}{4.32.}{section*.1}% 14
\BOOKMARK [2][-]{section*.15}{4.37.}{section*.1}% 15
\BOOKMARK [2][-]{section*.16}{4.39.}{section*.1}% 16
\BOOKMARK [3][-]{section*.17}{1. *. ..... .....}{section*.16}% 17
\BOOKMARK [3][-]{section*.18}{2. x G | e G, e * x = x}{section*.16}% 18
\BOOKMARK [3][-]{section*.19}{3. a G | a-1 G, a-1 * a = e}{section*.16}% 19
\BOOKMARK [3][-]{section*.20}{... 1, 2, 3. .... ....}{section*.16}% 20
\BOOKMARK [2][-]{section*.21}{5.34.}{section*.1}% 21
\BOOKMARK [2][-]{section*.22}{5.42.}{section*.1}% 22
\BOOKMARK [2][-]{section*.23}{5.49.}{section*.1}% 23
\BOOKMARK [2][-]{section*.24}{5.57. }{section*.1}% 24
\BOOKMARK [2][-]{section*.25}{6.48.}{section*.1}% 25
\BOOKMARK [2][-]{section*.26}{6.52.}{section*.1}% 26
\BOOKMARK [2][-]{section*.27}{6.55.}{section*.1}% 27
\BOOKMARK [2][-]{section*.28}{8.12.}{section*.1}% 28
\BOOKMARK [2][-]{section*.29}{8.44.}{section*.1}% 29
\BOOKMARK [2][-]{section*.30}{8.45.}{section*.1}% 30
\BOOKMARK [2][-]{section*.31}{\(1\)}{section*.1}% 31
\BOOKMARK [2][-]{section*.32}{\(2\)}{section*.1}% 32
\BOOKMARK [2][-]{section*.33}{\(3\)}{section*.1}% 33
\BOOKMARK [3][-]{section*.34}{\(a\) "426830A Aut\(G\), "526930B . Group.. .....}{section*.33}% 34
\BOOKMARK [3][-]{section*.35}{\(b\) Find Aut\(Z12\)}{section*.33}% 35
